selfdrivingcar.adb:16:41: error: expected type "CarSpeed" defined at selfdrivingcar.ads:6
selfdrivingcar.adb:16:41: error: found type "Standard.Boolean"
