selfdrivingcar.adb:33:49: error: expected type "CarSpeed" defined at selfdrivingcar.ads:6
selfdrivingcar.adb:33:49: error: found type "Standard.Boolean"
selfdrivingcar.ads:49:51: error: expected type "CarSpeed" defined at line 6
selfdrivingcar.ads:49:51: error: found type "Standard.Boolean"
