selfdrivingcar.ads:49:51: error: expected type "CarSpeed" defined at line 6
selfdrivingcar.ads:49:51: error: found type "Standard.Boolean"
