selfdrivingcar.ads:49:22: error: missing ";"
selfdrivingcar.ads:50:06: error: declaration expected
