selfdrivingcar.ads:52:27: error: expected type "Standard.Boolean"
selfdrivingcar.ads:52:27: error: found type "CarSpeed" defined at line 6
